<?xml version="1.0" encoding="UTF-8"?>
<!-- Generated by org.testng.reporters.JUnitReportReporter -->
<testsuite hostname="DESKTOP-G9D5K4C" failures="0" tests="1" name="javaStreams.Count_Names" time="0.017" errors="0" timestamp="2022-01-26T07:15:11 IST" skipped="0">
  <testcase classname="javaStreams.Count_Names" name="UniqueNum" time="0.017"/>
  <system-out/>
</testsuite> <!-- javaStreams.Count_Names -->
